2024-02-27 07:01:35,158 ERROR scheduler Skipped queueing frappe.monitor.flush because it was found in queue for apmegmh.csf.ph
2024-02-27 07:01:35,166 ERROR scheduler Skipped queueing frappe.utils.global_search.sync_global_search because it was found in queue for apmegmh.csf.ph
2024-02-27 07:01:35,172 ERROR scheduler Skipped queueing frappe.email.doctype.email_account.email_account.notify_unreplied because it was found in queue for apmegmh.csf.ph
2024-02-27 07:01:35,173 ERROR scheduler Skipped queueing frappe.email.queue.flush because it was found in queue for apmegmh.csf.ph
2024-02-27 07:01:35,175 ERROR scheduler Skipped queueing frappe.email.doctype.email_account.email_account.pull because it was found in queue for apmegmh.csf.ph
2024-02-27 07:01:35,176 ERROR scheduler Skipped queueing frappe.twofactor.delete_all_barcodes_for_users because it was found in queue for apmegmh.csf.ph
2024-02-27 07:01:35,182 ERROR scheduler Skipped queueing frappe.website.doctype.web_page.web_page.check_publish_status because it was found in queue for apmegmh.csf.ph
2024-02-27 07:01:35,185 ERROR scheduler Skipped queueing frappe.oauth.delete_oauth2_data because it was found in queue for apmegmh.csf.ph
2024-02-27 08:01:33,298 ERROR scheduler Skipped queueing frappe.automation.doctype.reminder.reminder.send_reminders because it was found in queue for apmegmh.csf.ph
2024-02-27 08:01:33,307 ERROR scheduler Skipped queueing erpnext.projects.doctype.project.project.collect_project_status because it was found in queue for apmegmh.csf.ph
2024-02-27 08:01:33,308 ERROR scheduler Skipped queueing erpnext.projects.doctype.project.project.hourly_reminder because it was found in queue for apmegmh.csf.ph
2024-02-27 08:01:33,309 ERROR scheduler Skipped queueing erpnext.projects.doctype.project.project.project_status_update_reminder because it was found in queue for apmegmh.csf.ph
2024-02-27 08:01:33,309 ERROR scheduler Skipped queueing erpnext.erpnext_integrations.doctype.plaid_settings.plaid_settings.automatic_synchronization because it was found in queue for apmegmh.csf.ph
2024-02-27 08:01:33,310 ERROR scheduler Skipped queueing erpnext.utilities.doctype.video.video.update_youtube_data because it was found in queue for apmegmh.csf.ph
2024-02-27 08:01:33,311 ERROR scheduler Skipped queueing erpnext.accounts.doctype.process_payment_reconciliation.process_payment_reconciliation.trigger_reconciliation_for_queued_docs because it was found in queue for apmegmh.csf.ph
2024-02-27 08:01:33,312 ERROR scheduler Skipped queueing erpnext.manufacturing.doctype.bom_update_log.bom_update_log.resume_bom_cost_update_jobs because it was found in queue for apmegmh.csf.ph
2024-02-27 08:01:33,338 ERROR scheduler Skipped queueing frappe.website.doctype.personal_data_deletion_request.personal_data_deletion_request.process_data_deletion_request because it was found in queue for apmegmh.csf.ph
2024-02-27 08:01:33,339 ERROR scheduler Skipped queueing frappe.email.doctype.newsletter.newsletter.send_scheduled_email because it was found in queue for apmegmh.csf.ph
2024-02-27 08:01:33,339 ERROR scheduler Skipped queueing frappe.integrations.doctype.google_calendar.google_calendar.sync because it was found in queue for apmegmh.csf.ph
2024-02-27 08:01:33,340 ERROR scheduler Skipped queueing frappe.desk.form.document_follow.send_hourly_updates because it was found in queue for apmegmh.csf.ph
2024-02-27 08:01:33,341 ERROR scheduler Skipped queueing frappe.deferred_insert.save_to_db because it was found in queue for apmegmh.csf.ph
2024-02-27 08:01:33,341 ERROR scheduler Skipped queueing frappe.desk.page.backups.backups.delete_downloadable_backups because it was found in queue for apmegmh.csf.ph
2024-02-27 08:01:33,342 ERROR scheduler Skipped queueing frappe.model.utils.user_settings.sync_user_settings because it was found in queue for apmegmh.csf.ph
2024-02-27 08:01:33,350 ERROR scheduler Skipped queueing frappe.model.utils.link_count.update_link_count because it was found in queue for apmegmh.csf.ph
2024-02-27 08:01:33,354 ERROR scheduler Skipped queueing frappe.monitor.flush because it was found in queue for apmegmh.csf.ph
2024-02-27 08:01:33,362 ERROR scheduler Skipped queueing frappe.utils.global_search.sync_global_search because it was found in queue for apmegmh.csf.ph
2024-02-27 08:01:33,363 ERROR scheduler Skipped queueing frappe.email.doctype.email_account.email_account.notify_unreplied because it was found in queue for apmegmh.csf.ph
2024-02-27 08:01:33,370 ERROR scheduler Skipped queueing frappe.email.queue.flush because it was found in queue for apmegmh.csf.ph
2024-02-27 08:01:33,375 ERROR scheduler Skipped queueing frappe.email.doctype.email_account.email_account.pull because it was found in queue for apmegmh.csf.ph
2024-02-27 08:01:33,382 ERROR scheduler Skipped queueing frappe.twofactor.delete_all_barcodes_for_users because it was found in queue for apmegmh.csf.ph
2024-02-27 08:01:33,390 ERROR scheduler Skipped queueing frappe.website.doctype.web_page.web_page.check_publish_status because it was found in queue for apmegmh.csf.ph
2024-02-27 08:01:33,390 ERROR scheduler Skipped queueing frappe.oauth.delete_oauth2_data because it was found in queue for apmegmh.csf.ph
2024-02-27 10:01:31,763 ERROR scheduler Skipped queueing frappe.automation.doctype.reminder.reminder.send_reminders because it was found in queue for apmegmh.csf.ph
2024-02-27 10:01:31,781 ERROR scheduler Skipped queueing erpnext.projects.doctype.project.project.collect_project_status because it was found in queue for apmegmh.csf.ph
2024-02-27 10:01:31,789 ERROR scheduler Skipped queueing erpnext.projects.doctype.project.project.hourly_reminder because it was found in queue for apmegmh.csf.ph
2024-02-27 10:01:31,790 ERROR scheduler Skipped queueing erpnext.projects.doctype.project.project.project_status_update_reminder because it was found in queue for apmegmh.csf.ph
2024-02-27 10:01:31,791 ERROR scheduler Skipped queueing erpnext.erpnext_integrations.doctype.plaid_settings.plaid_settings.automatic_synchronization because it was found in queue for apmegmh.csf.ph
2024-02-27 10:01:31,792 ERROR scheduler Skipped queueing erpnext.utilities.doctype.video.video.update_youtube_data because it was found in queue for apmegmh.csf.ph
2024-02-27 10:01:31,793 ERROR scheduler Skipped queueing erpnext.accounts.doctype.process_payment_reconciliation.process_payment_reconciliation.trigger_reconciliation_for_queued_docs because it was found in queue for apmegmh.csf.ph
2024-02-27 10:01:31,794 ERROR scheduler Skipped queueing erpnext.manufacturing.doctype.bom_update_log.bom_update_log.resume_bom_cost_update_jobs because it was found in queue for apmegmh.csf.ph
2024-02-27 10:01:31,815 ERROR scheduler Skipped queueing frappe.website.doctype.personal_data_deletion_request.personal_data_deletion_request.process_data_deletion_request because it was found in queue for apmegmh.csf.ph
2024-02-27 10:01:31,819 ERROR scheduler Skipped queueing frappe.email.doctype.newsletter.newsletter.send_scheduled_email because it was found in queue for apmegmh.csf.ph
2024-02-27 10:01:31,820 ERROR scheduler Skipped queueing frappe.integrations.doctype.google_calendar.google_calendar.sync because it was found in queue for apmegmh.csf.ph
2024-02-27 10:01:31,823 ERROR scheduler Skipped queueing frappe.desk.form.document_follow.send_hourly_updates because it was found in queue for apmegmh.csf.ph
2024-02-27 10:01:31,824 ERROR scheduler Skipped queueing frappe.deferred_insert.save_to_db because it was found in queue for apmegmh.csf.ph
2024-02-27 10:01:31,824 ERROR scheduler Skipped queueing frappe.desk.page.backups.backups.delete_downloadable_backups because it was found in queue for apmegmh.csf.ph
2024-02-27 10:01:31,825 ERROR scheduler Skipped queueing frappe.model.utils.user_settings.sync_user_settings because it was found in queue for apmegmh.csf.ph
2024-02-27 10:01:31,826 ERROR scheduler Skipped queueing frappe.model.utils.link_count.update_link_count because it was found in queue for apmegmh.csf.ph
2024-02-27 10:01:31,827 ERROR scheduler Skipped queueing frappe.monitor.flush because it was found in queue for apmegmh.csf.ph
2024-02-27 10:01:31,828 ERROR scheduler Skipped queueing frappe.utils.global_search.sync_global_search because it was found in queue for apmegmh.csf.ph
2024-02-27 10:01:31,829 ERROR scheduler Skipped queueing frappe.email.doctype.email_account.email_account.notify_unreplied because it was found in queue for apmegmh.csf.ph
2024-02-27 10:01:31,829 ERROR scheduler Skipped queueing frappe.email.queue.flush because it was found in queue for apmegmh.csf.ph
2024-02-27 10:01:31,830 ERROR scheduler Skipped queueing frappe.email.doctype.email_account.email_account.pull because it was found in queue for apmegmh.csf.ph
2024-02-27 10:01:31,831 ERROR scheduler Skipped queueing frappe.twofactor.delete_all_barcodes_for_users because it was found in queue for apmegmh.csf.ph
2024-02-27 10:01:31,832 ERROR scheduler Skipped queueing frappe.website.doctype.web_page.web_page.check_publish_status because it was found in queue for apmegmh.csf.ph
2024-02-27 10:01:31,833 ERROR scheduler Skipped queueing frappe.oauth.delete_oauth2_data because it was found in queue for apmegmh.csf.ph
